  [1m[36m (1.8ms)[0m  [1mCREATE TABLE "schema_migrations" ("version" varchar NOT NULL) [0m
  [1m[35m (0.4ms)[0m  select sqlite_version(*)
  [1m[36m (0.9ms)[0m  [1mCREATE UNIQUE INDEX "unique_schema_migrations" ON "schema_migrations" ("version")[0m
  [1m[35mActiveRecord::SchemaMigration Load (0.1ms)[0m  SELECT "schema_migrations".* FROM "schema_migrations"
Migrating to CreateRestaurants (20150717173353)
  [1m[36m (0.1ms)[0m  [1mbegin transaction[0m
  [1m[35m (0.4ms)[0m  CREATE TABLE "restaurants" ("id" INTEGER PRIMARY KEY AUTOINCREMENT NOT NULL, "name" varchar, "location" varchar, "latitude" float, "longitude" float, "restaurant_rating" float, "created_at" datetime NOT NULL, "updated_at" datetime NOT NULL) 
  [1m[36mSQL (0.2ms)[0m  [1mINSERT INTO "schema_migrations" ("version") VALUES (?)[0m  [["version", "20150717173353"]]
  [1m[35m (0.8ms)[0m  commit transaction
Migrating to CreateMenuItems (20150717173500)
  [1m[36m (0.1ms)[0m  [1mbegin transaction[0m
  [1m[35m (0.4ms)[0m  CREATE TABLE "menu_items" ("id" INTEGER PRIMARY KEY AUTOINCREMENT NOT NULL, "restaurant_id" integer, "title" varchar, "description" varchar, "img_url" varchar, "price" float, "item_rating" float, "created_at" datetime NOT NULL, "updated_at" datetime NOT NULL) 
  [1m[36m (0.2ms)[0m  [1mCREATE  INDEX "index_menu_items_on_restaurant_id" ON "menu_items" ("restaurant_id")[0m
  [1m[35mSQL (0.2ms)[0m  INSERT INTO "schema_migrations" ("version") VALUES (?)  [["version", "20150717173500"]]
  [1m[36m (0.9ms)[0m  [1mcommit transaction[0m
Migrating to CreateItemReviews (20150717173701)
  [1m[35m (0.1ms)[0m  begin transaction
  [1m[36m (0.4ms)[0m  [1mCREATE TABLE "item_reviews" ("id" INTEGER PRIMARY KEY AUTOINCREMENT NOT NULL, "menu_item_id" integer, "content" varchar, "created_at" datetime NOT NULL, "updated_at" datetime NOT NULL) [0m
  [1m[35m (0.2ms)[0m  CREATE  INDEX "index_item_reviews_on_menu_item_id" ON "item_reviews" ("menu_item_id")
  [1m[36mSQL (0.2ms)[0m  [1mINSERT INTO "schema_migrations" ("version") VALUES (?)[0m  [["version", "20150717173701"]]
  [1m[35m (0.8ms)[0m  commit transaction
  [1m[36mActiveRecord::SchemaMigration Load (0.1ms)[0m  [1mSELECT "schema_migrations".* FROM "schema_migrations"[0m
  [1m[35m (0.1ms)[0m              SELECT sql
            FROM sqlite_master
            WHERE name='index_item_reviews_on_menu_item_id' AND type='index'
            UNION ALL
            SELECT sql
            FROM sqlite_temp_master
            WHERE name='index_item_reviews_on_menu_item_id' AND type='index'

  [1m[36m (0.2ms)[0m  [1m            SELECT sql
            FROM sqlite_master
            WHERE name='index_menu_items_on_restaurant_id' AND type='index'
            UNION ALL
            SELECT sql
            FROM sqlite_temp_master
            WHERE name='index_menu_items_on_restaurant_id' AND type='index'
[0m
  [1m[36mRestaurant Load (2.6ms)[0m  [1mSELECT "restaurants".* FROM "restaurants"[0m
  [1m[35mMenuItem Load (8.0ms)[0m  SELECT "menu_items".* FROM "menu_items"
  [1m[36mItemReview Load (0.5ms)[0m  [1mSELECT "item_reviews".* FROM "item_reviews"[0m
  [1m[35m (0.2ms)[0m  begin transaction
  [1m[36mSQL (1.5ms)[0m  [1mINSERT INTO "restaurants" ("name", "location", "created_at", "updated_at") VALUES (?, ?, ?, ?)[0m  [["name", "Moe's"], ["location", "San Francisco"], ["created_at", "2015-07-17 17:39:07.367394"], ["updated_at", "2015-07-17 17:39:07.367394"]]
  [1m[35m (1.0ms)[0m  commit transaction
  [1m[36mMenuItem Load (0.3ms)[0m  [1mSELECT "menu_items".* FROM "menu_items" WHERE "menu_items"."restaurant_id" = ?[0m  [["restaurant_id", 1]]
  [1m[35m (0.2ms)[0m  begin transaction
  [1m[36mSQL (1.9ms)[0m  [1mINSERT INTO "menu_items" ("restaurant_id", "title", "created_at", "updated_at") VALUES (?, ?, ?, ?)[0m  [["restaurant_id", 1], ["title", "burger"], ["created_at", "2015-07-17 17:40:08.361386"], ["updated_at", "2015-07-17 17:40:08.361386"]]
  [1m[35m (1.1ms)[0m  commit transaction
  [1m[36mMenuItem Load (8.2ms)[0m  [1mSELECT "menu_items".* FROM "menu_items"[0m
  [1m[35mRestaurant Load (0.4ms)[0m  SELECT  "restaurants".* FROM "restaurants" WHERE "restaurants"."id" = ? LIMIT 1  [["id", 1]]
  [1m[36m (0.2ms)[0m  [1mbegin transaction[0m
  [1m[35mSQL (1.5ms)[0m  INSERT INTO "item_reviews" ("menu_item_id", "content", "created_at", "updated_at") VALUES (?, ?, ?, ?)  [["menu_item_id", 1], ["content", "great burger"], ["created_at", "2015-07-17 17:44:17.252946"], ["updated_at", "2015-07-17 17:44:17.252946"]]
  [1m[36m (1.0ms)[0m  [1mcommit transaction[0m
  [1m[36mMenuItem Load (0.4ms)[0m  [1mSELECT  "menu_items".* FROM "menu_items"  ORDER BY "menu_items"."id" ASC LIMIT 1[0m
  [1m[35mItemReview Load (0.9ms)[0m  SELECT "item_reviews".* FROM "item_reviews" WHERE "item_reviews"."menu_item_id" = ?  [["menu_item_id", 1]]
  [1m[36mItemReview Load (0.3ms)[0m  [1mSELECT  "item_reviews".* FROM "item_reviews"  ORDER BY "item_reviews"."id" ASC LIMIT 1[0m
  [1m[35mMenuItem Load (0.4ms)[0m  SELECT  "menu_items".* FROM "menu_items" WHERE "menu_items"."id" = ? LIMIT 1  [["id", 1]]
  [1m[36mRestaurant Load (0.6ms)[0m  [1mSELECT  "restaurants".* FROM "restaurants" WHERE "restaurants"."id" = ? LIMIT 1[0m  [["id", 1]]
  [1m[35mRestaurant Load (0.4ms)[0m  SELECT  "restaurants".* FROM "restaurants"  ORDER BY "restaurants"."id" ASC LIMIT 1
  [1m[36mMenuItem Load (7.9ms)[0m  [1mSELECT "menu_items".* FROM "menu_items" WHERE "menu_items"."restaurant_id" = ?[0m  [["restaurant_id", 1]]


Started GET "/" for ::1 at 2015-07-17 10:53:57 -0700
  [1m[36mActiveRecord::SchemaMigration Load (2.8ms)[0m  [1mSELECT "schema_migrations".* FROM "schema_migrations"[0m
Processing by WelcomeController#index as HTML
Completed 200 OK in 0ms (ActiveRecord: 0.0ms)


Started GET "/" for ::1 at 2015-07-17 10:53:58 -0700
Processing by WelcomeController#index as HTML
Completed 200 OK in 0ms (ActiveRecord: 0.0ms)


Started GET "/" for ::1 at 2015-07-17 10:54:57 -0700
Processing by WelcomeController#index as HTML
Completed 200 OK in 1ms (ActiveRecord: 0.0ms)


Started GET "/" for ::1 at 2015-07-17 10:57:03 -0700
  [1m[36mActiveRecord::SchemaMigration Load (0.9ms)[0m  [1mSELECT "schema_migrations".* FROM "schema_migrations"[0m
Processing by WelcomeController#index as HTML
Completed 200 OK in 0ms (ActiveRecord: 0.0ms)


Started GET "/" for ::1 at 2015-07-17 10:57:05 -0700
Processing by WelcomeController#index as HTML
Completed 200 OK in 0ms (ActiveRecord: 0.0ms)
